0 info it worked if it ends with ok
1 verbose cli [ '/usr/bin/node', '/usr/bin/npm', '-g', 'install', 'npm@2.14.4' ]
2 info using npm@1.4.28
3 info using node@v0.10.38
4 verbose node symlink /usr/bin/node
5 verbose cache add [ 'npm@2.14.4', null ]
6 verbose cache add name=undefined spec="npm@2.14.4" args=["npm@2.14.4",null]
7 verbose parsed url { protocol: null,
7 verbose parsed url   slashes: null,
7 verbose parsed url   auth: null,
7 verbose parsed url   host: null,
7 verbose parsed url   port: null,
7 verbose parsed url   hostname: null,
7 verbose parsed url   hash: null,
7 verbose parsed url   search: null,
7 verbose parsed url   query: null,
7 verbose parsed url   pathname: 'npm@2.14.4',
7 verbose parsed url   path: 'npm@2.14.4',
7 verbose parsed url   href: 'npm@2.14.4' }
8 verbose cache add name="npm" spec="2.14.4" args=["npm","2.14.4"]
9 verbose parsed url { protocol: null,
9 verbose parsed url   slashes: null,
9 verbose parsed url   auth: null,
9 verbose parsed url   host: null,
9 verbose parsed url   port: null,
9 verbose parsed url   hostname: null,
9 verbose parsed url   hash: null,
9 verbose parsed url   search: null,
9 verbose parsed url   query: null,
9 verbose parsed url   pathname: '2.14.4',
9 verbose parsed url   path: '2.14.4',
9 verbose parsed url   href: '2.14.4' }
10 verbose addNamed [ 'npm', '2.14.4' ]
11 verbose addNamed [ '2.14.4', '2.14.4' ]
12 silly lockFile 285c9878-npm-2-14-4 npm@2.14.4
13 verbose lock npm@2.14.4 /home/sotch_pr35mac/.npm/285c9878-npm-2-14-4.lock
14 verbose request where is /npm
15 verbose request registry https://registry.npmjs.org/
16 verbose request id 021594862292659c
17 verbose url raw /npm
18 verbose url resolving [ 'https://registry.npmjs.org/', './npm' ]
19 verbose url resolved https://registry.npmjs.org/npm
20 verbose request where is https://registry.npmjs.org/npm
21 info trying registry request attempt 1 at 08:32:33
22 http GET https://registry.npmjs.org/npm
23 http 200 https://registry.npmjs.org/npm
24 silly registry.get cb [ 200,
24 silly registry.get   { server: 'CouchDB/1.5.0 (Erlang OTP/R16B03)',
24 silly registry.get     etag: '"6FCODRZLVMYJI284KSELWBHDX"',
24 silly registry.get     'content-type': 'application/json',
24 silly registry.get     'cache-control': 'max-age=60',
24 silly registry.get     'content-length': '2500004',
24 silly registry.get     'accept-ranges': 'bytes',
24 silly registry.get     date: 'Thu, 11 Jun 2015 12:32:33 GMT',
24 silly registry.get     via: '1.1 varnish',
24 silly registry.get     age: '0',
24 silly registry.get     connection: 'keep-alive',
24 silly registry.get     'x-served-by': 'cache-dfw1835-DFW',
24 silly registry.get     'x-cache': 'HIT',
24 silly registry.get     'x-cache-hits': '1',
24 silly registry.get     'x-timer': 'S1434025953.702760,VS0,VE59',
24 silly registry.get     vary: 'Accept' } ]
25 silly lockFile 285c9878-npm-2-14-4 npm@2.14.4
26 silly lockFile 285c9878-npm-2-14-4 npm@2.14.4
27 error Error: version not found: npm@2.14.4
27 error     at /usr/lib/node_modules/npm/lib/cache/add-named.js:125:12
27 error     at saved (/usr/lib/node_modules/npm/node_modules/npm-registry-client/lib/get.js:167:7)
27 error     at Object.oncomplete (fs.js:108:15)
28 error If you need help, you may report this *entire* log,
28 error including the npm and node versions, at:
28 error     <http://github.com/npm/npm/issues>
29 error System Linux 3.19.0-18-generic
30 error command "/usr/bin/node" "/usr/bin/npm" "-g" "install" "npm@2.14.4"
31 error cwd /home/sotch_pr35mac/Projects/CPR/TheQ
32 error node -v v0.10.38
33 error npm -v 1.4.28
34 verbose exit [ 1, true ]
